Name                                                             Stmts   Miss Branch BrPart  Cover   Missing
------------------------------------------------------------------------------------------------------------
/usr/lib/python3/dist-packages/chardet/__init__.py                  11      7      4      0    27%   31-39
/usr/lib/python3/dist-packages/chardet/big5freq.py                   3      0      0      0   100%
/usr/lib/python3/dist-packages/chardet/big5prober.py                16      6      0      0    62%   36-39, 43, 47
/usr/lib/python3/dist-packages/chardet/chardistribution.py         117     83     32      0    23%   49-59, 65-68, 72-82, 88-98, 103, 110, 115-118, 125-129, 134-137, 144-148, 153-156, 163-167, 172-175, 182-189, 194-197, 204-214, 219-222, 229-233
/usr/lib/python3/dist-packages/chardet/charsetgroupprober.py        72     61     40      0    10%   34-37, 40-47, 51-55, 59-63, 66-83, 86-106
/usr/lib/python3/dist-packages/chardet/charsetprober.py             55     36     16      0    27%   40-42, 45, 49, 52, 56, 59, 63-64, 81-101, 115-145
/usr/lib/python3/dist-packages/chardet/codingstatemachine.py        28     18      2      0    33%   56-61, 64, 69-78, 81, 84, 88
/usr/lib/python3/dist-packages/chardet/compat.py                    10      4      2      1    58%   26-29
/usr/lib/python3/dist-packages/chardet/cp949prober.py               16      6      0      0    62%   36-41, 45, 49
/usr/lib/python3/dist-packages/chardet/enums.py                     35      1      0      0    97%   62
/usr/lib/python3/dist-packages/chardet/escprober.py                 58     45     24      0    16%   43-56, 59-67, 71, 75, 78-81, 84-101
/usr/lib/python3/dist-packages/chardet/escsm.py                     17      0      0      0   100%
/usr/lib/python3/dist-packages/chardet/eucjpprober.py               49     34     14      0    24%   38-42, 45-46, 50, 54, 57-87, 90-92
/usr/lib/python3/dist-packages/chardet/euckrfreq.py                  3      0      0      0   100%
/usr/lib/python3/dist-packages/chardet/euckrprober.py               16      6      0      0    62%   36-39, 43, 47
/usr/lib/python3/dist-packages/chardet/euctwfreq.py                  3      0      0      0   100%
/usr/lib/python3/dist-packages/chardet/euctwprober.py               16      6      0      0    62%   35-38, 42, 46
/usr/lib/python3/dist-packages/chardet/gb2312freq.py                 3      0      0      0   100%
/usr/lib/python3/dist-packages/chardet/gb2312prober.py              16      6      0      0    62%   35-38, 42, 46
/usr/lib/python3/dist-packages/chardet/hebrewprober.py              77     48     26      0    28%   155-162, 165-171, 175-176, 179, 193, 223-253, 259-280, 284, 289-292
/usr/lib/python3/dist-packages/chardet/jisfreq.py                    3      0      0      0   100%
/usr/lib/python3/dist-packages/chardet/jpcntx.py                    81     61     32      0    18%   124-129, 132-141, 144-168, 171, 175-178, 181, 185-186, 190, 193-210, 214-231
/usr/lib/python3/dist-packages/chardet/langbulgarianmodel.py         5      0      0      0   100%
/usr/lib/python3/dist-packages/chardet/langcyrillicmodel.py         13      0      0      0   100%
/usr/lib/python3/dist-packages/chardet/langgreekmodel.py             5      0      0      0   100%
/usr/lib/python3/dist-packages/chardet/langhebrewmodel.py            3      0      0      0   100%
/usr/lib/python3/dist-packages/chardet/langthaimodel.py              3      0      0      0   100%
/usr/lib/python3/dist-packages/chardet/langturkishmodel.py           3      0      0      0   100%
/usr/lib/python3/dist-packages/chardet/latin1prober.py              52     29     10      0    37%   98-101, 104-106, 110, 114, 117-128, 131-145
/usr/lib/python3/dist-packages/chardet/mbcharsetprober.py           44     33     18      0    18%   40-43, 46-51, 55, 59, 62-88, 91
/usr/lib/python3/dist-packages/chardet/mbcsgroupprober.py           14      3      0      0    79%   43-54
/usr/lib/python3/dist-packages/chardet/mbcssm.py                    41      0      0      0   100%
/usr/lib/python3/dist-packages/chardet/sbcharsetprober.py           75     60     30      0    14%   40-51, 54-61, 65-68, 72-75, 78-122, 125-132
/usr/lib/python3/dist-packages/chardet/sbcsgroupprober.py           19      8      0      0    58%   45-73
/usr/lib/python3/dist-packages/chardet/sjisprober.py                49     34     14      0    24%   38-42, 45-46, 50, 54, 57-87, 90-92
/usr/lib/python3/dist-packages/chardet/universaldetector.py        123    104     80      0     9%   82-92, 100-109, 125-218, 229-286
/usr/lib/python3/dist-packages/chardet/utf8prober.py                43     29     16      0    24%   39-42, 45-47, 51, 55, 58-74, 77-82
/usr/lib/python3/dist-packages/chardet/version.py                    2      0      0      0   100%
/usr/lib/python3/dist-packages/more_itertools/__init__.py            2      0      0      0   100%
/usr/lib/python3/dist-packages/more_itertools/more.py              538    442    204      1    13%   22-23, 106, 126-136, 198-199, 202, 205-209, 213, 222-229, 260, 263-266, 272-294, 297-306, 314-323, 359-362, 367->373, 395-400, 413-417, 428-430, 444-446, 493-507, 527-553, 567-579, 609-612, 634-664, 701-704, 707-717, 725-743, 746-749, 789-792, 806, 821-822, 849-869, 916-931, 950, 964-971, 985-991, 1005-1012, 1031-1045, 1076-1080, 1104-1106, 1132-1151, 1182, 1216-1228, 1272-1281, 1313-1320, 1357-1358, 1399-1419, 1431-1435, 1477, 1495, 1512-1521, 1538, 1559-1656, 1671-1674, 1708-1711, 1744-1749, 1782-1784, 1787, 1790, 1793, 1849-1851, 1854, 1857-1868, 1873, 1876-1879, 1904, 1908, 1926, 1935-1936, 1989-2001, 2055-2068
/usr/lib/python3/dist-packages/more_itertools/recipes.py           148    113     40      0    19%   69-79, 94, 112, 123, 158-163, 176, 189-190, 200, 214, 224, 234, 246, 271-273, 283-285, 295-296, 311-322, 339-340, 350-351, 367-391, 403, 418-424, 444, 463-464, 480-482, 495-498, 512-515, 527-551, 565
/usr/lib/python3/dist-packages/ply/__init__.py                       2      0      0      0   100%
/usr/lib/python3/dist-packages/ply/lex.py                          695    630    304      0     7%   59-60, 66, 69, 77, 80, 83, 86, 95, 98, 117-142, 145-169, 175-206, 212-253, 260-265, 271-278, 284-285, 291, 297, 303, 314-419, 423, 426-429, 447, 457-461, 470-476, 485-491, 501-530, 541-555, 566-573, 577-580, 584-587, 591-607, 611-618, 622-624, 628-636, 639-664, 670-732, 736-828, 839-862, 872-1053, 1062-1086, 1096-1102
/usr/lib/python3/dist-packages/ply/yacc.py                        1928   1663    870     26    11%   96, 110, 113, 118, 121, 128, 131, 139-145, 149-155, 175-176, 179-180, 183-184, 189-197, 218, 221, 234-237, 240-245, 248, 251, 254, 257, 260, 263-265, 268, 271, 274-276, 279, 297, 300-305, 323, 326-333, 352-685, 699-991, 1005-1273, 1314-1341, 1344, 1347, 1350, 1353, 1356, 1360-1372, 1376-1377, 1394, 1397, 1431-1439, 1442-1446, 1449, 1457-1462, 1477-1509, 1513, 1516, 1527-1532, 1553-1626, 1636-1642, 1654-1664, 1675-1729, 1739-1747, 1756-1761, 1771-1776, 1788-1793, 1806-1831, 1839-1866, 1877-1916, 1935-1960, 1982, 1988, 2001-2025, 2058-2066, 2069-2089, 2103-2135, 2140-2156, 2167-2197, 2201-2226, 2257-2272, 2286-2294, 2306-2321, 2331-2342, 2373-2438, 2453-2456, 2475-2478, 2493-2501, 2512-2527, 2535-2719, 2728-2841, 2851-2868, 2886-2890, 2898-2929, 2949, 2963-2969, 2975->2977, 2977->2979, 2979->2981, 2982->2981, 2984-2985, 3001-3020, 3029-3031, 3039-3057, 3063-3065, 3068-3070, 3073-3075, 3082-3091, 3099-3126, 3134->3131, 3151-3208, 3221, 3228, 3231, 3239->3241, 3241->3247, 3242->3247, 3245, 3252-3262, 3267->3274, 3269, 3274->3278, 3282, 3291, 3300-3502
/usr/lib/python3/dist-packages/simplejson/__init__.py               80     57     30      0    21%   120-122, 126-130, 248-279, 372-385, 457, 514-535, 539-562, 577
/usr/lib/python3/dist-packages/simplejson/compat.py                 29     16      4      2    45%   5-18, 24, 26
/usr/lib/python3/dist-packages/simplejson/decoder.py               228    180     96      2    15%   13, 26-27, 60-133, 145-234, 237-270, 348->350, 368-374, 387-400
/usr/lib/python3/dist-packages/simplejson/encoder.py               394    340    264      4     9%   12, 42-62, 69-103, 244, 247, 249, 251, 272, 284-302, 314-380, 400-404, 407-417, 441-722
/usr/lib/python3/dist-packages/simplejson/errors.py                 29     23      6      0    17%   7-12, 16-23, 41-50, 53
/usr/lib/python3/dist-packages/simplejson/raw_json.py                3      1      0      0    67%   9
/usr/lib/python3/dist-packages/simplejson/scanner.py                64     37     24      0    31%   8, 35-70, 73-81
/usr/lib/python3/dist-packages/xonsh/__amalgam__.py              11225   8755   4080     92    17%   77, 123-140, 171, 174-181, 184, 209-218, 221-251, 254, 258-261, 322-323, 334-335, 338-339, 346-347, 350-351, 354-355, 358-359, 362-363, 366-367, 370-371, 374-375, 378, 381, 424-425, 428-436, 439-442, 445-449, 452, 455, 460, 495, 515, 518-536, 543-548, 554-572, 604-615, 651->653, 729-733, 738, 742-751, 754-763, 766-770, 773-780, 783-789, 792-803, 819-826, 829, 833-837, 841-846, 850-861, 864, 867, 892, 917, 939-959, 964, 970, 1236, 1241-1243, 1248, 1253, 1257-1260, 1282-1305, 1313, 1318, 1322-1325, 1330, 1334, 1338, 1343-1349, 1378-1384, 1423, 1429, 1435, 1449, 1469-1470, 1476-1482, 1488-1491, 1497-1498, 1504-1509, 1515-1518, 1523-1524, 1530-1533, 1538-1545, 1550-1551, 1556-1561, 1567-1568, 1574-1577, 1584-1590, 1597, 1604, 1615-1620, 1641-1652, 1665-1692, 1709-1720, 1731-1738, 1746-1771, 1780-1831, 1842, 1850-1854, 1864-1880, 1886-1920, 1930-1982, 2094-2097, 2109-2118, 2127-2133, 2140-2144, 2149-2153, 2167-2178, 2181-2192, 2196-2207, 2215-2226, 2232-2236, 2256-2261, 2265-2271, 2275-2280, 2284-2287, 2294-2306, 2336-2349, 2353-2390, 2400-2408, 2413, 2418-2419, 2422-2424, 2427-2428, 2433-2438, 2441-2449, 2454-2456, 2461-2463, 2466-2469, 2472-2480, 2483-2486, 2491-2495, 2503-2533, 2542-2566, 2574-2607, 2616-2646, 2651-2656, 2661-2689, 2698-2717, 2723-2727, 2732-2736, 2741-2751, 2757-2794, 2800-2805, 2812-2816, 2824-2831, 2845-2853, 2857-2862, 2866-2871, 2875-2880, 2895-2901, 2906-2908, 2912-2916, 2920-2921, 2929-2935, 2942-2948, 2961-2966, 2974-2979, 2984-2988, 2995-3005, 3016-3025, 3033-3043, 3050-3054, 3065-3073, 3081-3090, 3109-3112, 3117-3120, 3125-3128, 3133-3136, 3141-3145, 3150-3154, 3159-3163, 3168-3172, 3177, 3190-3193, 3315-3317, 3324, 3426-3427, 3434-3437, 3570, 3807-3810, 3813-3826, 3829-3863, 3866-3899, 3922-3926, 3932-3939, 3959-4032, 4039-4048, 4052-4308, 4330-4333, 4339, 4343-4407, 4457-4461, 4491-4493, 4501->4503, 4503->4514, 4510-4511, 4531-4535, 4542-4549, 4560, 4565, 4569, 4578, 4584, 4592, 4597, 4600, 4603, 4606, 4613, 4616, 4619-4621, 4625-4633, 4636-4638, 4641-4643, 4669-4673, 4678, 4687->4689, 4717, 4722-4736, 4744-4768, 4772-4773, 4784-4874, 4879-4884, 4891-4902, 4906-4912, 4920-4927, 4936-4952, 4959-4975, 4980-4987, 4996-5001, 5006-5014, 5019, 5024, 5028-5029, 5033-5034, 5038-5040, 5047-5051, 5077-5088, 5095-5098, 5106-5109, 5122-5124, 5127-5129, 5132, 5161-5169, 5173-5185, 5189-5211, 5216-5223, 5230-5248, 5253-5295, 5300-5345, 5352-5356, 5363-5375, 5382-5398, 5404-5409, 5417-5419, 5431-5453, 5458, 5469-5475, 5483-5490, 5500, 5505, 5510, 5520, 5525, 5530, 5535, 5545, 5550, 5588-5593, 5602-5617, 5624-5629, 5641-5646, 5651, 5658, 5667-5670, 5675, 5680-5685, 5690, 5695, 5702-5725, 5736-5747, 5754-5761, 5768-5771, 5776, 5781-5784, 5789, 5794-5797, 5804-5806, 5811, 5818, 5827-5830, 5835, 5842-5845, 5850, 5855, 5860, 5865, 5872-5894, 5898, 5902-5914, 5919, 5926-5934, 5939-5946, 5951-5953, 6032-6039, 6044, 6051, 6061-6070, 6075-6078, 6090-6099, 6104, 6109-6110, 6118, 6126, 6131, 6136, 6141-6153, 6158-6162, 6167-6179, 6215-6233, 6243, 6262-6282, 6288-6296, 6303-6317, 6324-6331, 6338-6363, 6408-6416, 6424-6448, 6477-6514, 6521-6522, 6530, 6535, 6537-6544, 6558-6564, 6569, 6574, 6584-6613, 6620-6628, 6632-6641, 6645-6682, 6687-6696, 6700-6712, 6717-6718, 6726-6765, 6785-6786, 6791, 6815-6837, 6841-6852, 6856-6859, 6876-6888, 6893, 6916-6959, 6984-6989, 6993-7021, 7026, 7031-7037, 7045-7084, 7089, 7094, 7099, 7103-7107, 7122-7210, 7214-7241, 7245-7285, 7289-7308, 7317-7336, 7340-7359, 7363-7382, 7386-7405, 7409-7428, 7432-7451, 7455-7474, 7478-7497, 7501-7520, 7524-7543, 7547-7566, 7570-7589, 7593-7612, 7616-7635, 7639-7658, 7662-7681, 7685-7704, 7708-7727, 7731-7750, 7754-7773, 7777-7796, 7800-7819, 7823-7842, 7913-7920, 7927-7937, 8058, 8065, 8090->8094, 8096-8118, 8123, 8128-8129, 8134, 8139, 8144, 8149-8154, 8159-8166, 8171, 8176-8178, 8183-8186, 8193-8202, 8207, 8214-8220, 8227, 8242, 8251-8262, 8309-8318, 8322, 8326, 8330-8333, 8337-8393, 8397-8407, 8415-8421, 8425-8438, 8442-8448, 8452-8459, 8467-8480, 8486-8491, 8495-8500, 8504-8510, 8514-8517, 8521-8532, 8536-8540, 8544-8548, 8552-8556, 8560-8562, 8567-8587, 8592, 8602, 8648-8649, 8652-8657, 8660, 8663-8664, 8668, 8675-8680, 8684-8688, 8692-8726, 8730-8736, 8743, 8750, 8757, 8761, 8775-8776, 8789-8806, 8813-8814, 8821-8824, 8832-8833, 8839-8856, 8868-8879, 8882-8903, 8910-8954, 8964, 8969, 8974-8977, 8984-8989, 8994-8999, 9010-9012, 9017-9022, 9030-9034, 9042-9047, 9157-9175, 9179, 9183, 9190-9214, 9235-9238, 9241-9242, 9245, 9248-9257, 9261-9269, 9272-9281, 9284-9295, 9299-9316, 9319-9330, 9333-9362, 9365-9376, 9380-9427, 9431-9438, 9446-9472, 9476-9477, 9497, 9504, 9524, 9551-9552, 9559-9564, 9575-9577, 9607, 9619-9621, 9631-9636, 9659-9664, 9668-9669, 9671-9672, 9694, 9697, 9700-9701, 9709-9713, 9721-9722, 9725-9728, 9731-9738, 9790->9793, 9794, 9801, 9808, 9813, 9921, 9934, 9939, 9944, 9949, 9954, 9959, 9964, 9969, 10064-10130, 10135, 10140, 10145-10151, 10156, 10163, 10168-10206, 10211, 10220-10254, 10277-10281, 10284, 10292-10294, 10299-10314, 10317, 10332-10336, 10361-10364, 10367-10369, 10399-10402, 10405-10407, 10412, 10432-10488, 10505-10511, 10528-10545, 10571-10581, 10585, 10589-10597, 10603-10611, 10616-10646, 10652, 10655, 10658, 10672-10691, 10704-10728, 10735-10761, 10766-10775, 10780-10791, 10795, 10799-10806, 10811-10821, 10827-10831, 10836-10842, 10853-10894, 10901-10903, 10912-10915, 10922-10954, 10966, 10975-10981, 10996, 11001, 11089-11092, 11101-11102, 11107-11125, 11129-11138, 11145-11150, 11155-11160, 11167-11172, 11179-11183, 11190-11196, 11203-11210, 11215, 11219, 11223, 11230-11241, 11245-11260, 11269-11302, 11320-11341, 11349-11374, 11379-11383, 11409, 11412, 11416, 11420-11422, 11425-11428, 11434-11455, 11462->11487, 11525-11541, 11548-11559, 11578-11582, 11605-11611, 11618-11623, 11647-11653, 11660, 11664, 11672, 11676, 11680, 11692-11705, 11709-11743, 11769-11787, 11792, 11998-12002, 12007-12016, 12021-12028, 12042-12050, 12056-12088, 12093-12100, 12105, 12110-12146, 12152-12168, 12177-12185, 12216-12242, 12247, 12270-12288, 12303-12311, 12329-12330, 12334-12357, 12369-12375, 12384-12455, 12460-12476, 12491-12558, 12563-12579, 12590-12655, 12660-12689, 12699-12762, 12846-12848, 12856-12872, 12884-12900, 12919-12931, 12936, 12951-12954, 12963, 12993-13018, 13038-13055, 13075-13090, 13094-13101, 13112, 13120-13124, 13128-13132, 13140-13154, 13165-13185, 13190-13196, 13200-13218, 13230-13241, 13254-13271, 13284-13288, 13322-13360, 13374-13584, 13624, 13652, 13657, 13674-13678, 13682, 13688, 13698-13701, 13705-13714, 13718-13730, 13734-13738, 13744-13752, 13756, 13761, 13765-13769, 13776-13786, 13804-13810, 13820-13832, 13850-13860, 13866-13872, 13919-14010, 14032-14044, 14051-14072, 14077-14082, 14089-14094, 14107-14169, 14176-14249, 14253-14255, 14262-14270, 14278-14304, 14310-14319, 14327-14328, 14334-14344, 14352-14356, 14359-14367, 14376-14378, 14381-14387, 14396-14397, 14400-14406, 14413-14430, 14433-14442, 14450, 14457-14465, 14468-14470, 14475, 14480, 14485-14490, 14495, 14499-14510, 14514, 14518, 14525-14528, 14531-14534, 14537, 14563, 14571-14575, 14579-14582, 14587, 14592, 14595, 14598, 14607, 14612, 14617, 14622, 14626, 14630, 14634, 14638, 14642, 14646, 14652-14658, 14663, 14671, 14676, 14680, 14684, 14688, 14692, 14696, 14700, 14704, 14708, 14734-14754, 14759, 14764, 14769, 14775, 14782, 14789, 14797-14813, 14860-14919, 14922, 14929-15008, 15012-15014, 15023, 15027-15029, 15039-15056, 15059-15068, 15073-15075, 15079-15157, 15165-15207, 15234-15244, 15249, 15255-15281, 15285-15300, 15304-15306, 15311-15322, 15327-15331, 15336-15340, 15344-15351, 15403-15437, 15440-15443, 15446, 15449, 15455-15458, 15465-15573, 15579-15583, 15592-15620, 15624-15652, 15656-15668, 15680-15683, 15689-15701, 15704-15716, 15719-15723, 15727-15728, 15731, 15737-15750, 15754-15762, 15766-15777, 15781-15795, 15799-15809, 15813-15815, 15819-15830, 15839, 15844, 15849, 15854, 15859-15864, 15869-15870, 15875-15876, 15881, 15886-15889, 15896, 15901, 15906, 15911-15914, 15919-15922, 15927-15930, 15935, 15940, 15945-15955, 15960-15970, 15975, 15989-16002, 16018-16021, 16025-16058, 16135-16163, 16217-16221, 16224, 16226, 16228, 16230-16243, 16248-16259, 16262->exit, 16267, 16298-16301, 16314-16324, 16329-16339, 16354, 16360-16374, 16379-16410, 16429-16437, 16454-16513, 16521-16605, 16729-16765, 16769-16773, 16777, 16782, 16794-16848, 16853-16856, 16870-16875, 16880-16910, 16914-16921, 16926-16927, 16935, 16940-16962, 16967-16970, 16986-17025, 17029-17053, 17057-17067, 17071-17073, 17077-17111, 17115-17129, 17133-17147, 17151-17173, 17177-17194, 17198-17200, 17205-17234, 17248-17256, 17261, 17266-17275, 17280, 17336-17343, 17365-17368, 17398-17405, 17409, 17413-17414, 17418-17419, 17423-17425, 17429-17439, 17458-17479, 17484, 17489, 17494, 17497-17501, 17504, 17508, 17512-17520, 17524-17525, 17529, 17533-17534, 17538-17539, 17543, 17549-17552, 17558-17561, 17584-17597, 17603, 17606-17607, 17611-17613, 17617-17622, 17642-17650, 17654, 17658, 17662-17663, 17667-17668, 17672, 17676-17717, 17725-17742, 17746-17774, 17780-17785, 17791-17823, 17827-17829, 17833-17854, 17859-17874, 17880-17881, 17889-17901, 17905, 17909, 17916, 17982, 17992-18001, 18008-18014, 18023-18030, 18178-18180, 18183, 18186-18187, 18190-18191, 18194, 18197, 18200, 18203, 18208-18214, 18218-18235, 18240-18245, 18250-18254, 18261-18282, 18290-18308, 18313-18320, 18325, 18334-18338, 18495-18497, 18502-18504, 18510-18528, 18534, 18540-18547, 18648->18650, 18681, 19254, 19258-19260, 19264, 19269, 19273, 19281, 19290-19293, 19299-19302, 19306, 19327-19328, 19332-19339, 19343-19352, 19358, 19366-19390, 19399, 19407-19408, 19412, 19424-19431, 19434-19435, 19438-19445, 19453-19454, 19457, 19460, 19463, 19466, 19469, 19474-19480, 19484-19494, 19499, 19515-19527, 19533-19544, 19549-19550, 19555-19570, 19589, 19597-19601, 19638-19640, 19643-19648, 19651-19652, 19660, 19664-19672, 19676-19684, 19688-19706, 19717-19731, 19741-19759, 19764-19769, 19774-19779, 19784, 19790-19822, 19839-19843, 19893-19993, 19998-20001, 20007-20015, 20025-20038, 20045-20047, 20055-20059, 20066, 20072-20082, 20088-20099, 20105-20109, 20123-20165, 20168, 20175-20186, 20190, 20198-20231, 20235-20273, 20279-20287, 20293-20319, 20329-20396, 20399-20406, 20412-20434, 20440-20442, 20445-20454, 20458, 20462-20463, 20470-20483, 20492-20495, 20498-20515, 20546, 20549, 20566-20585, 20588-20599, 20607-20639, 20643-20654, 20659-20661, 20691, 20709-20716, 20731-20747, 20753-20758, 20765, 20769-20779, 20784, 20791, 20794, 20797, 20800, 20805-20811, 20824-20825, 20830-20832, 20837, 20853-20855, 20860-20861, 20864, 20873-20878, 20885-20886, 20893-20894, 20901-20902, 20909-20910, 20917-20918, 20925-20926, 20945-20961, 20971-20976, 20981, 20986-21108, 21113-21180, 21189-21230, 21235-21251, 21276-21285, 21298, 21303-21306, 21311-21313, 21319-21324, 21341-21344, 21352, 21362, 21366-21369, 21408-21455, 21457, 21459-21462, 21464-21466, 21468, 21486-21487, 21542->21544, 21554-21557, 21564-21565, 21570-21571, 21576-21610, 21614-21615, 21619-21620, 21624-21627, 21642-21649, 21656-21665, 21669-21677, 21686-21721, 21726-21727, 21754, 21760-21767, 21772-21779, 21784-21803, 21808-21832, 21837, 21844-21845, 21916-21937, 21940-21944, 21947-21951, 21959, 21963-21971, 21975, 21979-21987, 21991, 21995-22003, 22011-22028, 22031-22050, 22054-22059, 22063-22078, 22084-22086, 22089-22094, 22097-22100, 22103-22106, 22119-22131, 22135-22137, 22141-22152, 22156-22161, 22165-22172, 22176-22185, 22189-22206, 22210-22220, 22224-22237, 22242-22262, 22266-22339, 22347-22375, 22379-22380, 22401-22443, 22450, 22459-22461, 22469, 22476, 22483, 22488-22494, 22499-22505, 22510-22518, 22523, 22543-22547, 22573-22609, 22626-22638, 22657-22677, 22682, 22687, 22691-22709, 22737-22751, 22767-22769, 22777-22791, 22799-22801, 22831->22833, 22899-22911, 22945-22949, 22952, 22955, 22958, 22961, 22964, 22967, 22970, 22973, 23033-23034, 23041-23079, 23094-23106, 23112-23128, 23141-23157, 23163-23169, 23172-23289, 23317, 23325-23334, 23347-23359, 23366-23383, 23390-23394, 23398, 23402, 23406-23415, 23418-23425, 23526-23528, 23537, 23542, 23549-23558, 23567, 23574-23577, 23581-23584, 23588, 23592, 23606, 23608, 23609->23611, 23611->exit, 23719-23723, 23732-23736, 23741-23860, 23864-23881, 23895-23921, 23926-23976, 23982-24010, 24014-24019, 24024-24075, 24080, 24089-24091, 24133->24138, 24142
/usr/lib/python3/dist-packages/xonsh/__init__.py                    94      3      2      1    96%   10, 100-101
/usr/lib/python3/dist-packages/xonsh/completers/__amalgam__.py     898    753    400      2    11%   29, 42, 45-61, 87-94, 100-125, 130-134, 141-162, 170-177, 184-187, 195-202, 211-217, 221-226, 230-266, 394-467, 489-505, 510-530, 534, 544-571, 584, 589, 594-601, 606-628, 637, 641, 649-653, 662-663, 674-684, 688-696, 701-713, 728-751, 755-766, 770-781, 785-816, 820-848, 921-934, 942-966, 986, 991, 1000-1026, 1042-1046, 1051-1059, 1063-1093, 1101-1113, 1117-1119, 1123, 1127-1132, 1136-1144, 1149-1158, 1162-1167, 1171-1175, 1179-1217, 1222-1231, 1237-1242, 1246-1255, 1269-1272, 1276-1283, 1287-1295, 1301-1357, 1361, 1379, 1384, 1429, 1486, 1495-1505, 1513-1533, 1540-1546, 1553-1556, 1565-1576, 1582-1618, 1626-1638, 1646-1662, 1666, 1682-1698, 1710-1713, 1733-1735, 1742-1750
/usr/lib/python3/dist-packages/xonsh/completers/__init__.py         39      3      2      1    90%   5, 41-42
/usr/lib/python3/dist-packages/xonsh/history/__amalgam__.py        701    518    246      7    20%   36-52, 131, 135-154, 160, 175, 179, 183, 187, 197, 209, 222, 225, 228, 231-234, 259-265, 272-273, 278-284, 289-299, 306-320, 350, 354, 357-360, 373-400, 408-419, 422-425, 429, 433-455, 481, 484-507, 511, 549, 569, 587-593, 609-615, 619-624, 632-653, 656-665, 668-671, 689-694, 698-700, 709, 725-736, 740-746, 750-761, 765-775, 779-783, 787-789, 793-796, 800-803, 814-819, 822-838, 845-854, 857-877, 883-884, 888-893, 896-906, 909-912, 942-951, 957-959, 964-966, 973-988, 993-1003, 1008-1031, 1036-1038, 1068-1086, 1093-1126, 1131, 1146-1266, 1275-1291, 1298-1331
/usr/lib/python3/dist-packages/xonsh/history/__init__.py            21      3      2      1    83%   5, 23-24
/usr/lib/python3/dist-packages/xonsh/jsonutils.py                    8      2      0      0    75%   14, 19
/usr/lib/python3/dist-packages/xonsh/lazyasd.py                    180    102     38      1    38%   58-59, 62-63, 70-71, 74-75, 78-79, 82-83, 86-87, 90-91, 94-95, 98-99, 102-103, 106-107, 110-111, 114, 117, 160-161, 164-172, 175-178, 181-185, 188, 191, 196, 231, 251, 254-272, 279-284, 290-308, 340-351
/usr/lib/python3/dist-packages/xonsh/parser_table.py                18      0      8      0   100%
/usr/lib/python3/dist-packages/xonsh/parsers/__init__.py             0      0      0      0   100%
/usr/lib/python3/dist-packages/xonsh/parsers/base.py              1504   1079    348      6    24%   31, 39-41, 44-47, 52-58, 63, 68-70, 77, 97, 118, 123, 129-143, 153-160, 165-172, 177-184, 188, 195-197, 202-211, 215-221, 231-254, 498->500, 500->502, 505, 515-518, 538-552, 555, 567, 579, 593-600, 608, 612-615, 619, 626, 632-634, 640, 647-658, 661-676, 703, 708-710, 714-717, 722, 727-728, 734, 740, 745-746, 750, 754, 758-759, 765-785, 789, 793-810, 816, 820-832, 836, 840-849, 853-863, 867, 871, 878-882, 887-890, 895-899, 904-908, 913-917, 922-926, 930-935, 940-945, 950-960, 964, 968-972, 976, 980, 984, 987-999, 1002-1017, 1020-1031, 1035, 1041-1045, 1050-1054, 1059-1063, 1068-1072, 1077-1082, 1087-1092, 1096-1106, 1110-1114, 1118, 1122, 1126, 1132, 1138-1141, 1147-1148, 1152, 1156, 1160, 1172, 1194-1206, 1212-1222, 1228-1249, 1253-1254, 1258-1259, 1263, 1269-1270, 1276, 1280, 1286-1307, 1324, 1330, 1334, 1342-1349, 1353, 1362, 1366, 1370, 1374-1375, 1379, 1383-1384, 1388-1389, 1393-1394, 1400, 1405-1406, 1410-1411, 1415-1417, 1421, 1425, 1429, 1435-1439, 1447, 1451, 1455, 1460, 1464, 1468-1469, 1473, 1477-1481, 1485-1489, 1493, 1499, 1503, 1507-1511, 1515-1519, 1523, 1527-1532, 1544, 1548-1549, 1561, 1567-1579, 1585-1586, 1596-1610, 1623-1625, 1629, 1633-1634, 1647-1648, 1661-1662, 1675-1676, 1682-1683, 1691-1699, 1703-1715, 1721-1723, 1729-1730, 1734, 1738-1739, 1745-1746, 1754, 1758-1763, 1767-1771, 1782, 1786, 1790, 1796, 1802, 1828, 1832, 1836, 1842, 1846, 1854, 1858-1871, 1875, 1879-1890, 1894, 1898-1909, 1913, 1917, 1923, 1927-1938, 1942, 1967, 1973, 1977-1978, 1984-2000, 2006, 2010-2011, 2023, 2027-2028, 2040, 2044-2045, 2057, 2063-2065, 2073, 2077-2092, 2108-2110, 2114-2131, 2140-2147, 2153, 2160-2161, 2165, 2169-2170, 2182, 2185-2191, 2195-2242, 2246, 2253-2270, 2274-2302, 2306-2319, 2325, 2329-2330, 2336-2337, 2341-2342, 2346-2347, 2351-2352, 2356, 2360, 2369, 2377-2378, 2386-2387, 2412, 2416, 2420, 2424-2456, 2462-2464, 2468-2469, 2477-2478, 2484-2488, 2494-2495, 2501, 2510-2530, 2536, 2542, 2576, 2582, 2586, 2590, 2594, 2608, 2612, 2616, 2620, 2624-2625, 2629, 2633, 2637-2649, 2653, 2657-2658, 2662-2668, 2672, 2678, 2682, 2686, 2690-2692, 2696-2701, 2705-2714, 2720-2731, 2735, 2742-2749, 2755-2762, 2768-2771, 2777, 2783-2784, 2790-2791, 2799-2810, 2816-2829, 2833, 2839, 2843-2855, 2859-2863, 2867-2874, 2878, 2882, 2892-2923, 2926-2930, 2945-2947, 2953-2977, 2985, 2991-2992, 2996-2997, 3003-3008, 3012, 3016-3018, 3024-3037, 3044-3046, 3052-3057, 3061-3066, 3070-3071, 3075-3076, 3080-3088, 3092-3093, 3097-3098, 3102-3118, 3124-3132, 3136-3141, 3145-3146, 3150-3151, 3159-3161, 3165-3167, 3171-3178, 3182-3204, 3208, 3213-3228, 3268-3269, 3279-3281, 3285, 3288-3299
/usr/lib/python3/dist-packages/xonsh/parsers/context_check.py       68     56     46      0    11%   14-46, 53-58, 63, 66-71, 74-79, 82-85
/usr/lib/python3/dist-packages/xonsh/parsers/v35.py                 60     35      8      0    40%   52, 56-58, 62, 66-67, 71-72, 76-79, 86, 90, 94, 97-102, 106-108, 113-117, 129, 133, 137, 141-142, 148
/usr/lib/python3/dist-packages/xonsh/parsers/v36.py                 25     19      6      0    19%   13-26, 30-36
/usr/lib/python3/dist-packages/xonsh/parsers/v38.py                 96     72      6      0    24%   12-23, 27, 40-50, 55-64, 69-79, 84-94, 99-109, 114-124, 128-139, 144-155, 160-171, 175, 187-197, 202-212, 217-227, 232-242, 247-258, 263-274, 278-289, 293-307, 311-319
/usr/lib/python3/dist-packages/xonsh/platform.py                   351    238     94      2    26%   29-35, 74, 80, 86, 100, 120-121, 127-133, 139-142, 148-149, 155-160, 166-169, 174-175, 181-184, 189-196, 201-202, 207-212, 218-219, 225-228, 235-241, 248, 254-257, 266-271, 292-303, 316-343, 360-371, 382-389, 397-422, 431-482, 492-495, 501-505, 513-532, 537-571, 581-633
/usr/lib/python3/dist-packages/xonsh/prompt/__amalgam__.py         509    408    176      4    16%   42, 49, 67-82, 86, 90-99, 106-145, 160-164, 171-183, 193-196, 227-259, 264-278, 282-283, 287-290, 294-298, 302-310, 318-358, 374-406, 416-423, 440-461, 468-479, 483-498, 505-538, 546-550, 568-584, 588-600, 607-617, 624-645, 653-659, 667-674, 681-688, 712, 725-735, 738-745, 748-758, 761-771, 799, 805, 822-830, 835, 840-882, 887-898, 909-916
/usr/lib/python3/dist-packages/xonsh/prompt/__init__.py             23      3      2      1    84%   5, 25-26
/usr/lib/python3/dist-packages/xonsh/pytest_plugin.py               43     24      6      1    41%   24-29, 34, 39-46, 53-55, 58, 62-65, 68
/usr/lib/python3/dist-packages/xonsh/tools.py                     1251   1002    516      2    14%   61, 94-96, 102-117, 124-127, 134-138, 145-152, 162-187, 194-197, 200, 203, 206, 209, 216, 219, 222-224, 228-236, 239-241, 244-246, 272-276, 281, 290->292, 320, 325-339, 347-371, 375-376, 387-477, 482-487, 494-505, 509-515, 523-530, 539-555, 562-578, 583-590, 599-604, 609-617, 622, 627, 631-632, 636-637, 641-643, 650-654, 680-691, 698-701, 709-712, 725-727, 730-732, 735, 764-772, 776-788, 792-814, 819-826, 833-851, 856-898, 903-948, 955-959, 966-978, 985-1001, 1007-1012, 1020-1022, 1034-1056, 1061, 1072-1078, 1086-1093, 1103, 1108, 1113, 1118, 1123, 1128, 1133, 1138, 1143, 1148, 1153, 1158, 1163, 1171, 1178, 1183, 1191-1196, 1205-1220, 1227-1232, 1244-1249, 1254, 1261, 1270-1273, 1278, 1283-1288, 1293, 1298, 1305-1328, 1339-1350, 1357-1364, 1371-1374, 1379, 1384-1387, 1392, 1397-1400, 1407-1409, 1414, 1421, 1430-1433, 1438, 1445-1448, 1453, 1458, 1463, 1468, 1475-1497, 1501, 1505-1517, 1522, 1529-1537, 1542-1549, 1554-1556, 1635-1642, 1647, 1654, 1664-1673, 1678-1681, 1693-1702, 1707, 1712-1713, 1721, 1729, 1734, 1739, 1744-1756, 1761-1765, 1770-1782, 1818-1836, 1846, 1865-1885, 1891-1899, 1906-1920, 1927-1934, 1941-1966, 2011-2019, 2027-2051, 2080-2117, 2124-2125, 2131-2148, 2161-2167, 2172, 2177, 2187-2216, 2223-2231, 2235-2244, 2248-2285, 2290-2299, 2303-2315, 2320-2321, 2329-2368, 2379-2380, 2388-2389, 2394, 2418-2440, 2444-2455, 2459-2462
/usr/lib/python3/dist-packages/xonsh/wizard.py                     469    369    146      1    16%   26, 29, 38-39, 52, 75-78, 116-121, 152-156, 180-181, 188, 201, 225-239, 270-274, 278, 282-286, 353-359, 363, 367-372, 377, 383-397, 403-412, 422-428, 437, 446, 450-464, 471-473, 476-489, 492-506, 509, 512-530, 533-544, 547-551, 554-568, 573-583, 590-598, 610->612, 626-628, 631-641, 645-663, 670-688, 713-716, 719-720, 723, 726, 729-734, 737-773, 776-788, 791-813, 816-835, 839-869
/usr/lib/python3/dist-packages/xonsh/xoreutils/__init__.py           0      0      0      0   100%
/usr/lib/python3/dist-packages/xonsh/xoreutils/_which.py           156    135    100      1     9%   107-123, 127-132, 143-157, 182-248, 269-276, 296-299, 306-363, 367
/usr/lib/python3/dist-packages/xonsh/xoreutils/which.py            100     83     44      0    12%   14-73, 78-79, 84-96, 101-113, 123-178, 189, 194-197
buggy_model.py                                                       9      0      6      0   100%
tests/test_scoring.py                                               35      1      8      1    95%   19
------------------------------------------------------------------------------------------------------------
TOTAL                                                            23222  17893   8492    160    18%
